#
# There is insufficient memory for the Java Runtime Environment to continue.
# Native memory allocation (mmap) failed to map 113770496 bytes for committing reserved memory.
# Possible reasons:
#   The system is out of physical RAM or swap space
#   In 32 bit mode, the process size limit was hit
# Possible solutions:
#   Reduce memory load on the system
#   Increase physical memory or swap space
#   Check if swap backing store is full
#   Use 64 bit Java on a 64 bit OS
#   Decrease Java heap size (-Xmx/-Xms)
#   Decrease number of Java threads
#   Decrease Java thread stack sizes (-Xss)
#   Set larger code cache with -XX:ReservedCodeCacheSize=
# This output file may be truncated or incomplete.
#
#  Out of Memory Error (os_linux.cpp:2671), pid=3780, tid=140656309520128
#
# JRE version: Java(TM) SE Runtime Environment (8.0_20-b26) (build 1.8.0_20-b26)
# Java VM: Java HotSpot(TM) 64-Bit Server VM (25.20-b23 mixed mode linux-amd64 compressed oops)
# Failed to write core dump. Core dumps have been disabled. To enable core dumping, try "ulimit -c unlimited" before starting Java again
#

---------------  T H R E A D  ---------------

Current thread (0x00007fed30075000):  VMThread [stack: 0x00007fed194d4000,0x00007fed195d5000] [id=3793]

Stack: [0x00007fed194d4000,0x00007fed195d5000],  sp=0x00007fed195d32f0,  free space=1020k
Native frames: (J=compiled Java code, j=interpreted, Vv=VM code, C=native code)
V  [libjvm.so+0xa76cea]  VMError::report_and_die()+0x2ca
V  [libjvm.so+0x4e52fb]  report_vm_out_of_memory(char const*, int, unsigned long, VMErrorType, char const*)+0x8b
V  [libjvm.so+0x8e4ec3]  os::Linux::commit_memory_impl(char*, unsigned long, bool)+0x103
V  [libjvm.so+0x8e5419]  os::pd_commit_memory(char*, unsigned long, unsigned long, bool)+0x29
V  [libjvm.so+0x8df0ea]  os::commit_memory(char*, unsigned long, unsigned long, bool)+0x2a
V  [libjvm.so+0x94f1f3]  PSVirtualSpace::expand_by(unsigned long)+0x53
V  [libjvm.so+0x9505f8]  PSYoungGen::resize_generation(unsigned long, unsigned long)+0xf8
V  [libjvm.so+0x94f752]  PSYoungGen::resize(unsigned long, unsigned long)+0x22
V  [libjvm.so+0x94ca33]  PSScavenge::invoke_no_policy()+0xf53
V  [libjvm.so+0x94d1b1]  PSScavenge::invoke()+0x41
V  [libjvm.so+0x9070d0]  ParallelScavengeHeap::failed_mem_allocate(unsigned long)+0x70
V  [libjvm.so+0xa78367]  VM_ParallelGCFailedAllocation::doit()+0x97
V  [libjvm.so+0xa7fa85]  VM_Operation::evaluate()+0x55
V  [libjvm.so+0xa7de5a]  VMThread::evaluate_operation(VM_Operation*)+0xba
V  [libjvm.so+0xa7e1de]  VMThread::loop()+0x1ce
V  [libjvm.so+0xa7e650]  VMThread::run()+0x70
V  [libjvm.so+0x8e75f8]  java_start(Thread*)+0x108

VM_Operation (0x00007fed37c2a0c0): ParallelGCFailedAllocation, mode: safepoint, requested by thread 0x00007fed3000c000


---------------  P R O C E S S  ---------------

Java Threads: ( => current thread )
  0x00007fed300ca000 JavaThread "Service Thread" daemon [_thread_blocked, id=3803, stack(0x00007fed18b04000,0x00007fed18c05000)]
  0x00007fed300b4800 JavaThread "C1 CompilerThread2" daemon [_thread_blocked, id=3802, stack(0x00007fed18c05000,0x00007fed18d06000)]
  0x00007fed300b2800 JavaThread "C2 CompilerThread1" daemon [_thread_blocked, id=3800, stack(0x00007fed18d06000,0x00007fed18e07000)]
  0x00007fed300af800 JavaThread "C2 CompilerThread0" daemon [_thread_blocked, id=3799, stack(0x00007fed18e07000,0x00007fed18f08000)]
  0x00007fed300ae000 JavaThread "Signal Dispatcher" daemon [_thread_blocked, id=3798, stack(0x00007fed18f08000,0x00007fed19009000)]
  0x00007fed3007e000 JavaThread "Finalizer" daemon [_thread_blocked, id=3795, stack(0x00007fed192d2000,0x00007fed193d3000)]
  0x00007fed3007c000 JavaThread "Reference Handler" daemon [_thread_blocked, id=3794, stack(0x00007fed193d3000,0x00007fed194d4000)]
  0x00007fed3000c000 JavaThread "main" [_thread_blocked, id=3788, stack(0x00007fed37b2b000,0x00007fed37c2c000)]

Other Threads:
=>0x00007fed30075000 VMThread [stack: 0x00007fed194d4000,0x00007fed195d5000] [id=3793]
  0x00007fed300d4800 WatcherThread [stack: 0x00007fed18a03000,0x00007fed18b04000] [id=3804]

VM state:at safepoint (normal execution)

VM Mutex/Monitor currently owned by a thread:  ([mutex/lock_event])
[0x00007fed30008110] Threads_lock - owner thread: 0x00007fed30075000
[0x00007fed30008610] Heap_lock - owner thread: 0x00007fed3000c000

Heap:
 PSYoungGen      total 54272K, used 3477K [0x00000000eab00000, 0x00000000ee500000, 0x0000000100000000)
  eden space 49152K, 0% used [0x00000000eab00000,0x00000000eab00000,0x00000000edb00000)
  from space 5120K, 67% used [0x00000000edb00000,0x00000000ede656a8,0x00000000ee000000)
  to   space 4608K, 0% used [0x00000000ee080000,0x00000000ee080000,0x00000000ee500000)
 ParOldGen       total 113152K, used 18677K [0x00000000c0000000, 0x00000000c6e80000, 0x00000000eab00000)
  object space 113152K, 16% used [0x00000000c0000000,0x00000000c123d5a8,0x00000000c6e80000)
 Metaspace       used 4392K, capacity 5424K, committed 5632K, reserved 1056768K
  class space    used 455K, capacity 488K, committed 512K, reserved 1048576K

Card table byte_map: [0x00007fed3475c000,0x00007fed3495d000] byte_map_base: 0x00007fed3415c000

Marking Bits: (ParMarkBitMap*) 0x00007fed37014ac0
 Begin Bits: [0x00007fed1a000000, 0x00007fed1b000000)
 End Bits:   [0x00007fed1b000000, 0x00007fed1c000000)

Polling page: 0x00007fed37c5a000

CodeCache: size=245760Kb used=3398Kb max_used=3415Kb free=242361Kb
 bounds [0x00007fed21000000, 0x00007fed21360000, 0x00007fed30000000]
 total_blobs=1305 nmethods=1048 adapters=171
 compilation: enabled

Compilation events (10 events):
Event: 9.361 Thread 0x00007fed300b4800 1090       2       com.android.dx.io.instructions.InstructionCodec$32::encode (95 bytes)
Event: 9.362 Thread 0x00007fed300b4800 nmethod 1090 0x00007fed2134b0d0 code [0x00007fed2134b2a0, 0x00007fed2134b888]
Event: 9.408 Thread 0x00007fed300b4800 1094       2       com.android.dx.io.instructions.InstructionCodec$17::encode (29 bytes)
Event: 9.409 Thread 0x00007fed300b4800 nmethod 1094 0x00007fed2134bf90 code [0x00007fed2134c140, 0x00007fed2134c408]
Event: 9.453 Thread 0x00007fed300b4800 1095       1       com.android.dx.io.instructions.FiveRegisterDecodedInstruction::getRegisterCount (2 bytes)
Event: 9.453 Thread 0x00007fed300b4800 nmethod 1095 0x00007fed2134cc10 code [0x00007fed2134cd60, 0x00007fed2134ce70]
Event: 9.460 Thread 0x00007fed300af800 nmethod 1025 0x00007fed213519d0 code [0x00007fed21351e00, 0x00007fed21355ae8]
Event: 9.460 Thread 0x00007fed300af800 1074 %     4       com.android.dex.Dex$Section::alignToFourBytesWithZeroFill @ 0 (25 bytes)
Event: 9.465 Thread 0x00007fed300af800 nmethod 1074% 0x00007fed2134c6d0 code [0x00007fed2134c840, 0x00007fed2134c9d8]
Event: 9.465 Thread 0x00007fed300af800 1046 %     4       com.android.dex.Dex$Section::write @ 8 (33 bytes)

GC Heap History (10 events):
Event: 7.852 GC heap after
Heap after GC invocations=1 (full 0):
 PSYoungGen      total 36864K, used 5113K [0x00000000eab00000, 0x00000000ed400000, 0x0000000100000000)
  eden space 31744K, 0% used [0x00000000eab00000,0x00000000eab00000,0x00000000eca00000)
  from space 5120K, 99% used [0x00000000eca00000,0x00000000ecefe5b0,0x00000000ecf00000)
  to   space 5120K, 0% used [0x00000000ecf00000,0x00000000ecf00000,0x00000000ed400000)
 ParOldGen       total 84992K, used 3419K [0x00000000c0000000, 0x00000000c5300000, 0x00000000eab00000)
  object space 84992K, 4% used [0x00000000c0000000,0x00000000c0356ee0,0x00000000c5300000)
 Metaspace       used 3526K, capacity 4720K, committed 4864K, reserved 1056768K
  class space    used 370K, capacity 424K, committed 512K, reserved 1048576K
}
Event: 8.242 GC heap before
{Heap before GC invocations=2 (full 0):
 PSYoungGen      total 36864K, used 36857K [0x00000000eab00000, 0x00000000ed400000, 0x0000000100000000)
  eden space 31744K, 100% used [0x00000000eab00000,0x00000000eca00000,0x00000000eca00000)
  from space 5120K, 99% used [0x00000000eca00000,0x00000000ecefe5b0,0x00000000ecf00000)
  to   space 5120K, 0% used [0x00000000ecf00000,0x00000000ecf00000,0x00000000ed400000)
 ParOldGen       total 84992K, used 3419K [0x00000000c0000000, 0x00000000c5300000, 0x00000000eab00000)
  object space 84992K, 4% used [0x00000000c0000000,0x00000000c0356ee0,0x00000000c5300000)
 Metaspace       used 3817K, capacity 4944K, committed 5120K, reserved 1056768K
  class space    used 401K, capacity 456K, committed 512K, reserved 1048576K
Event: 8.259 GC heap after
Heap after GC invocations=2 (full 0):
 PSYoungGen      total 36864K, used 5097K [0x00000000eab00000, 0x00000000ef300000, 0x0000000100000000)
  eden space 31744K, 0% used [0x00000000eab00000,0x00000000eab00000,0x00000000eca00000)
  from space 5120K, 99% used [0x00000000ecf00000,0x00000000ed3fa790,0x00000000ed400000)
  to   space 5120K, 0% used [0x00000000eca00000,0x00000000eca00000,0x00000000ecf00000)
 ParOldGen       total 84992K, used 44470K [0x00000000c0000000, 0x00000000c5300000, 0x00000000eab00000)
  object space 84992K, 52% used [0x00000000c0000000,0x00000000c2b6dbc0,0x00000000c5300000)
 Metaspace       used 3817K, capacity 4944K, committed 5120K, reserved 1056768K
  class space    used 401K, capacity 456K, committed 512K, reserved 1048576K
}
Event: 8.259 GC heap before
{Heap before GC invocations=3 (full 1):
 PSYoungGen      total 36864K, used 5097K [0x00000000eab00000, 0x00000000ef300000, 0x0000000100000000)
  eden space 31744K, 0% used [0x00000000eab00000,0x00000000eab00000,0x00000000eca00000)
  from space 5120K, 99% used [0x00000000ecf00000,0x00000000ed3fa790,0x00000000ed400000)
  to   space 5120K, 0% used [0x00000000eca00000,0x00000000eca00000,0x00000000ecf00000)
 ParOldGen       total 84992K, used 44470K [0x00000000c0000000, 0x00000000c5300000, 0x00000000eab00000)
  object space 84992K, 52% used [0x00000000c0000000,0x00000000c2b6dbc0,0x00000000c5300000)
 Metaspace       used 3817K, capacity 4944K, committed 5120K, reserved 1056768K
  class space    used 401K, capacity 456K, committed 512K, reserved 1048576K
Event: 8.356 GC heap after
Heap after GC invocations=3 (full 1):
 PSYoungGen      total 36864K, used 0K [0x00000000eab00000, 0x00000000ef300000, 0x0000000100000000)
  eden space 31744K, 0% used [0x00000000eab00000,0x00000000eab00000,0x00000000eca00000)
  from space 5120K, 0% used [0x00000000ecf00000,0x00000000ecf00000,0x00000000ed400000)
  to   space 5120K, 0% used [0x00000000eca00000,0x00000000eca00000,0x00000000ecf00000)
 ParOldGen       total 113152K, used 18661K [0x00000000c0000000, 0x00000000c6e80000, 0x00000000eab00000)
  object space 113152K, 16% used [0x00000000c0000000,0x00000000c12395a8,0x00000000c6e80000)
 Metaspace       used 3817K, capacity 4944K, committed 5120K, reserved 1056768K
  class space    used 401K, capacity 456K, committed 512K, reserved 1048576K
}
Event: 8.745 GC heap before
{Heap before GC invocations=4 (full 1):
 PSYoungGen      total 36864K, used 31744K [0x00000000eab00000, 0x00000000ef300000, 0x0000000100000000)
  eden space 31744K, 100% used [0x00000000eab00000,0x00000000eca00000,0x00000000eca00000)
  from space 5120K, 0% used [0x00000000ecf00000,0x00000000ecf00000,0x00000000ed400000)
  to   space 5120K, 0% used [0x00000000eca00000,0x00000000eca00000,0x00000000ecf00000)
 ParOldGen       total 113152K, used 18661K [0x00000000c0000000, 0x00000000c6e80000, 0x00000000eab00000)
  object space 113152K, 16% used [0x00000000c0000000,0x00000000c12395a8,0x00000000c6e80000)
 Metaspace       used 3994K, capacity 5072K, committed 5376K, reserved 1056768K
  class space    used 412K, capacity 456K, committed 512K, reserved 1048576K
Event: 8.748 GC heap after
Heap after GC invocations=4 (full 1):
 PSYoungGen      total 36864K, used 1088K [0x00000000eab00000, 0x00000000ee580000, 0x0000000100000000)
  eden space 31744K, 0% used [0x00000000eab00000,0x00000000eab00000,0x00000000eca00000)
  from space 5120K, 21% used [0x00000000eca00000,0x00000000ecb10000,0x00000000ecf00000)
  to   space 5120K, 0% used [0x00000000ee080000,0x00000000ee080000,0x00000000ee580000)
 ParOldGen       total 113152K, used 18669K [0x00000000c0000000, 0x00000000c6e80000, 0x00000000eab00000)
  object space 113152K, 16% used [0x00000000c0000000,0x00000000c123b5a8,0x00000000c6e80000)
 Metaspace       used 3994K, capacity 5072K, committed 5376K, reserved 1056768K
  class space    used 412K, capacity 456K, committed 512K, reserved 1048576K
}
Event: 9.167 GC heap before
{Heap before GC invocations=5 (full 1):
 PSYoungGen      total 36864K, used 32832K [0x00000000eab00000, 0x00000000ee580000, 0x0000000100000000)
  eden space 31744K, 100% used [0x00000000eab00000,0x00000000eca00000,0x00000000eca00000)
  from space 5120K, 21% used [0x00000000eca00000,0x00000000ecb10000,0x00000000ecf00000)
  to   space 5120K, 0% used [0x00000000ee080000,0x00000000ee080000,0x00000000ee580000)
 ParOldGen       total 113152K, used 18669K [0x00000000c0000000, 0x00000000c6e80000, 0x00000000eab00000)
  object space 113152K, 16% used [0x00000000c0000000,0x00000000c123b5a8,0x00000000c6e80000)
 Metaspace       used 4383K, capacity 5424K, committed 5632K, reserved 1056768K
  class space    used 455K, capacity 488K, committed 512K, reserved 1048576K
Event: 9.172 GC heap after
Heap after GC invocations=5 (full 1):
 PSYoungGen      total 53760K, used 3685K [0x00000000eab00000, 0x00000000ee500000, 0x0000000100000000)
  eden space 49152K, 0% used [0x00000000eab00000,0x00000000eab00000,0x00000000edb00000)
  from space 4608K, 79% used [0x00000000ee080000,0x00000000ee419498,0x00000000ee500000)
  to   space 5120K, 0% used [0x00000000edb00000,0x00000000edb00000,0x00000000ee000000)
 ParOldGen       total 113152K, used 18677K [0x00000000c0000000, 0x00000000c6e80000, 0x00000000eab00000)
  object space 113152K, 16% used [0x00000000c0000000,0x00000000c123d5a8,0x00000000c6e80000)
 Metaspace       used 4383K, capacity 5424K, committed 5632K, reserved 1056768K
  class space    used 455K, capacity 488K, committed 512K, reserved 1048576K
}
Event: 9.465 GC heap before
{Heap before GC invocations=6 (full 1):
 PSYoungGen      total 53760K, used 52837K [0x00000000eab00000, 0x00000000ee500000, 0x0000000100000000)
  eden space 49152K, 100% used [0x00000000eab00000,0x00000000edb00000,0x00000000edb00000)
  from space 4608K, 79% used [0x00000000ee080000,0x00000000ee419498,0x00000000ee500000)
  to   space 5120K, 0% used [0x00000000edb00000,0x00000000edb00000,0x00000000ee000000)
 ParOldGen       total 113152K, used 18677K [0x00000000c0000000, 0x00000000c6e80000, 0x00000000eab00000)
  object space 113152K, 16% used [0x00000000c0000000,0x00000000c123d5a8,0x00000000c6e80000)
 Metaspace       used 4392K, capacity 5424K, committed 5632K, reserved 1056768K
  class space    used 455K, capacity 488K, committed 512K, reserved 1048576K

Deoptimization events (10 events):
Event: 8.664 Thread 0x00007fed3000c000 Uncommon trap: reason=bimorphic action=maybe_recompile pc=0x00007fed21251768 method=com.android.dx.merge.DexMerger$IdMerger.mergeSorted()V @ 373
Event: 8.706 Thread 0x00007fed3000c000 Uncommon trap: reason=class_check action=maybe_recompile pc=0x00007fed211f2454 method=com.android.dex.Leb128.readUnsignedLeb128(Lcom/android/dex/util/ByteInput;)I @ 5
Event: 8.706 Thread 0x00007fed3000c000 Uncommon trap: reason=class_check action=maybe_recompile pc=0x00007fed211f2454 method=com.android.dex.Leb128.readUnsignedLeb128(Lcom/android/dex/util/ByteInput;)I @ 5
Event: 8.706 Thread 0x00007fed3000c000 Uncommon trap: reason=predicate action=maybe_recompile pc=0x00007fed211f4ea4 method=com.android.dex.Leb128.writeUnsignedLeb128(Lcom/android/dex/util/ByteOutput;I)V @ 9
Event: 8.706 Thread 0x00007fed3000c000 Uncommon trap: reason=class_check action=maybe_recompile pc=0x00007fed211f2454 method=com.android.dex.Leb128.readUnsignedLeb128(Lcom/android/dex/util/ByteInput;)I @ 5
Event: 8.706 Thread 0x00007fed3000c000 Uncommon trap: reason=class_check action=maybe_recompile pc=0x00007fed211f2454 method=com.android.dex.Leb128.readUnsignedLeb128(Lcom/android/dex/util/ByteInput;)I @ 5
Event: 8.724 Thread 0x00007fed3000c000 Uncommon trap: reason=predicate action=maybe_recompile pc=0x00007fed21267d38 method=com.android.dex.Leb128.readUnsignedLeb128(Lcom/android/dex/util/ByteInput;)I @ 41
Event: 8.828 Thread 0x00007fed3000c000 Uncommon trap: reason=unreached action=reinterpret pc=0x00007fed212a1a98 method=java.util.HashMap.putVal(ILjava/lang/Object;Ljava/lang/Object;ZZ)Ljava/lang/Object; @ 109
Event: 8.985 Thread 0x00007fed3000c000 Uncommon trap: reason=unreached action=reinterpret pc=0x00007fed2123d8f4 method=java.util.HashMap.getNode(ILjava/lang/Object;)Ljava/util/HashMap$Node; @ 84
Event: 8.985 Thread 0x00007fed3000c000 Uncommon trap: reason=unreached action=reinterpret pc=0x00007fed2123bc74 method=java.util.HashMap.getNode(ILjava/lang/Object;)Ljava/util/HashMap$Node; @ 84

Internal exceptions (10 events):
Event: 8.925 Thread 0x00007fed3000c000 Exception <a 'java/security/PrivilegedActionException'> (0x00000000eb49a398) thrown at [/HUDSON/workspace/8-2-build-linux-amd64/jdk8u20/1074/hotspot/src/share/vm/prims/jvm.cpp, line 1275]
Event: 8.926 Thread 0x00007fed3000c000 Exception <a 'java/security/PrivilegedActionException'> (0x00000000eb49d4c8) thrown at [/HUDSON/workspace/8-2-build-linux-amd64/jdk8u20/1074/hotspot/src/share/vm/prims/jvm.cpp, line 1275]
Event: 8.926 Thread 0x00007fed3000c000 Exception <a 'java/security/PrivilegedActionException'> (0x00000000eb4a08e0) thrown at [/HUDSON/workspace/8-2-build-linux-amd64/jdk8u20/1074/hotspot/src/share/vm/prims/jvm.cpp, line 1275]
Event: 8.926 Thread 0x00007fed3000c000 Exception <a 'java/security/PrivilegedActionException'> (0x00000000eb4a3e48) thrown at [/HUDSON/workspace/8-2-build-linux-amd64/jdk8u20/1074/hotspot/src/share/vm/prims/jvm.cpp, line 1275]
Event: 8.929 Thread 0x00007fed3000c000 Exception <a 'java/security/PrivilegedActionException'> (0x00000000eb4a9328) thrown at [/HUDSON/workspace/8-2-build-linux-amd64/jdk8u20/1074/hotspot/src/share/vm/prims/jvm.cpp, line 1275]
Event: 8.929 Thread 0x00007fed3000c000 Exception <a 'java/security/PrivilegedActionException'> (0x00000000eb4ac278) thrown at [/HUDSON/workspace/8-2-build-linux-amd64/jdk8u20/1074/hotspot/src/share/vm/prims/jvm.cpp, line 1275]
Event: 8.930 Thread 0x00007fed3000c000 Exception <a 'java/security/PrivilegedActionException'> (0x00000000eb4af388) thrown at [/HUDSON/workspace/8-2-build-linux-amd64/jdk8u20/1074/hotspot/src/share/vm/prims/jvm.cpp, line 1275]
Event: 8.930 Thread 0x00007fed3000c000 Exception <a 'java/security/PrivilegedActionException'> (0x00000000eb4b2e00) thrown at [/HUDSON/workspace/8-2-build-linux-amd64/jdk8u20/1074/hotspot/src/share/vm/prims/jvm.cpp, line 1275]
Event: 8.935 Thread 0x00007fed3000c000 Exception <a 'java/security/PrivilegedActionException'> (0x00000000eb4bb008) thrown at [/HUDSON/workspace/8-2-build-linux-amd64/jdk8u20/1074/hotspot/src/share/vm/prims/jvm.cpp, line 1275]
Event: 8.984 Thread 0x00007fed3000c000 Exception <a 'java/security/PrivilegedActionException'> (0x00000000eb4bd4f8) thrown at [/HUDSON/workspace/8-2-build-linux-amd64/jdk8u20/1074/hotspot/src/share/vm/prims/jvm.cpp, line 1275]

Events (10 events):
Event: 9.106 Thread 0x00007fed3000c000 DEOPT UNPACKING pc=0x00007fed21047373 sp=0x00007fed37c29f80 mode 0
Event: 9.109 Thread 0x00007fed3000c000 DEOPT PACKING pc=0x00007fed21211265 sp=0x00007fed37c2a230
Event: 9.109 Thread 0x00007fed3000c000 DEOPT UNPACKING pc=0x00007fed21047373 sp=0x00007fed37c29f80 mode 0
Event: 9.167 Executing VM operation: ParallelGCFailedAllocation
Event: 9.172 Executing VM operation: ParallelGCFailedAllocation done
Event: 9.298 Executing VM operation: EnableBiasedLocking
Event: 9.298 Executing VM operation: EnableBiasedLocking done
Event: 9.331 Thread 0x00007fed3000c000 DEOPT PACKING pc=0x00007fed212fe355 sp=0x00007fed37c2a390
Event: 9.331 Thread 0x00007fed3000c000 DEOPT UNPACKING pc=0x00007fed21047373 sp=0x00007fed37c2a100 mode 0
Event: 9.465 Executing VM operation: ParallelGCFailedAllocation


Dynamic libraries:
00400000-00401000 r-xp 00000000 08:05 268337                             /usr/lib/jvm/jdk1.8.0/bin/java
00600000-00601000 rw-p 00000000 08:05 268337                             /usr/lib/jvm/jdk1.8.0/bin/java
02600000-02621000 rw-p 00000000 00:00 0                                  [heap]
c0000000-c6e80000 rw-p 00000000 00:00 0 
c6e80000-eab00000 ---p 00000000 00:00 0 
eab00000-ee500000 rw-p 00000000 00:00 0 
f5180000-100000000 ---p 00000000 00:00 0 
100000000-100080000 rw-p 00000000 00:00 0 
100080000-140000000 ---p 00000000 00:00 0 
7fecdc000000-7fecdc021000 rw-p 00000000 00:00 0 
7fecdc021000-7fece0000000 ---p 00000000 00:00 0 
7fece4000000-7fece4587000 rw-p 00000000 00:00 0 
7fece4587000-7fece8000000 ---p 00000000 00:00 0 
7fece8000000-7fece8021000 rw-p 00000000 00:00 0 
7fece8021000-7fecec000000 ---p 00000000 00:00 0 
7fecec000000-7fecece8a000 rw-p 00000000 00:00 0 
7fecece8a000-7fecf0000000 ---p 00000000 00:00 0 
7fecf0000000-7fecf0de8000 rw-p 00000000 00:00 0 
7fecf0de8000-7fecf4000000 ---p 00000000 00:00 0 
7fecf4000000-7fecf4021000 rw-p 00000000 00:00 0 
7fecf4021000-7fecf8000000 ---p 00000000 00:00 0 
7fecf8000000-7fecf8021000 rw-p 00000000 00:00 0 
7fecf8021000-7fecfc000000 ---p 00000000 00:00 0 
7fecfc000000-7fecfc293000 rw-p 00000000 00:00 0 
7fecfc293000-7fed00000000 ---p 00000000 00:00 0 
7fed00000000-7fed00021000 rw-p 00000000 00:00 0 
7fed00021000-7fed04000000 ---p 00000000 00:00 0 
7fed04000000-7fed04021000 rw-p 00000000 00:00 0 
7fed04021000-7fed08000000 ---p 00000000 00:00 0 
7fed0c000000-7fed0c021000 rw-p 00000000 00:00 0 
7fed0c021000-7fed10000000 ---p 00000000 00:00 0 
7fed14000000-7fed14021000 rw-p 00000000 00:00 0 
7fed14021000-7fed18000000 ---p 00000000 00:00 0 
7fed18a03000-7fed18a04000 ---p 00000000 00:00 0 
7fed18a04000-7fed18b04000 rw-p 00000000 00:00 0                          [stack:3804]
7fed18b04000-7fed18b07000 ---p 00000000 00:00 0 
7fed18b07000-7fed18c05000 rw-p 00000000 00:00 0                          [stack:3803]
7fed18c05000-7fed18c08000 ---p 00000000 00:00 0 
7fed18c08000-7fed18d06000 rw-p 00000000 00:00 0                          [stack:3802]
7fed18d06000-7fed18d09000 ---p 00000000 00:00 0 
7fed18d09000-7fed18e07000 rw-p 00000000 00:00 0                          [stack:3800]
7fed18e07000-7fed18e0a000 ---p 00000000 00:00 0 
7fed18e0a000-7fed18f08000 rw-p 00000000 00:00 0                          [stack:3799]
7fed18f08000-7fed18f0b000 ---p 00000000 00:00 0 
7fed18f0b000-7fed19009000 rw-p 00000000 00:00 0                          [stack:3798]
7fed19009000-7fed192d2000 r--p 00000000 08:05 19967                      /usr/lib/locale/locale-archive
7fed192d2000-7fed192d5000 ---p 00000000 00:00 0 
7fed192d5000-7fed193d3000 rw-p 00000000 00:00 0                          [stack:3795]
7fed193d3000-7fed193d6000 ---p 00000000 00:00 0 
7fed193d6000-7fed194d4000 rw-p 00000000 00:00 0                          [stack:3794]
7fed194d4000-7fed194d5000 ---p 00000000 00:00 0 
7fed194d5000-7fed1c000000 rw-p 00000000 00:00 0                          [stack:3793]
7fed1c000000-7fed1c021000 rw-p 00000000 00:00 0 
7fed1c021000-7fed20000000 ---p 00000000 00:00 0 
7fed2000f000-7fed2001e000 r--s 000df000 08:06 7197324                    /home/mandeep/Android/Sdk/build-tools/23.0.2/lib/dx.jar
7fed2001e000-7fed205b4000 rw-p 00000000 00:00 0 
7fed205b4000-7fed2078a000 r--s 03ca8000 08:05 267520                     /usr/lib/jvm/jdk1.8.0/jre/lib/rt.jar
7fed2078a000-7fed20d00000 rw-p 00000000 00:00 0 
7fed20d00000-7fed21000000 ---p 00000000 00:00 0 
7fed21000000-7fed21360000 rwxp 00000000 00:00 0 
7fed21360000-7fed30000000 ---p 00000000 00:00 0 
7fed30000000-7fed303a5000 rw-p 00000000 00:00 0 
7fed303a5000-7fed34000000 ---p 00000000 00:00 0 
7fed34002000-7fed34202000 rw-p 00000000 00:00 0 
7fed34202000-7fed34203000 ---p 00000000 00:00 0 
7fed34203000-7fed34303000 rw-p 00000000 00:00 0                          [stack:3792]
7fed34303000-7fed34304000 ---p 00000000 00:00 0 
7fed34304000-7fed34404000 rw-p 00000000 00:00 0                          [stack:3791]
7fed34404000-7fed34405000 ---p 00000000 00:00 0 
7fed34405000-7fed34505000 rw-p 00000000 00:00 0                          [stack:3790]
7fed34505000-7fed34506000 ---p 00000000 00:00 0 
7fed34506000-7fed3463e000 rw-p 00000000 00:00 0                          [stack:3789]
7fed3463e000-7fed3475c000 ---p 00000000 00:00 0 
7fed3475c000-7fed34794000 rw-p 00000000 00:00 0 
7fed34794000-7fed348b1000 ---p 00000000 00:00 0 
7fed348b1000-7fed348cf000 rw-p 00000000 00:00 0 
7fed348cf000-7fed3495c000 ---p 00000000 00:00 0 
7fed3495c000-7fed3496b000 rw-p 00000000 00:00 0 
7fed3496b000-7fed34d1d000 ---p 00000000 00:00 0 
7fed34d1d000-7fed34d37000 r-xp 00000000 08:05 265533                     /usr/lib/jvm/jdk1.8.0/jre/lib/amd64/libzip.so
7fed34d37000-7fed34f37000 ---p 0001a000 08:05 265533                     /usr/lib/jvm/jdk1.8.0/jre/lib/amd64/libzip.so
7fed34f37000-7fed34f38000 rw-p 0001a000 08:05 265533                     /usr/lib/jvm/jdk1.8.0/jre/lib/amd64/libzip.so
7fed34f38000-7fed34f43000 r-xp 00000000 08:05 303282                     /lib/x86_64-linux-gnu/libnss_files-2.19.so
7fed34f43000-7fed35142000 ---p 0000b000 08:05 303282                     /lib/x86_64-linux-gnu/libnss_files-2.19.so
7fed35142000-7fed35143000 r--p 0000a000 08:05 303282                     /lib/x86_64-linux-gnu/libnss_files-2.19.so
7fed35143000-7fed35144000 rw-p 0000b000 08:05 303282                     /lib/x86_64-linux-gnu/libnss_files-2.19.so
7fed35144000-7fed3514f000 r-xp 00000000 08:05 303337                     /lib/x86_64-linux-gnu/libnss_nis-2.19.so
7fed3514f000-7fed3534e000 ---p 0000b000 08:05 303337                     /lib/x86_64-linux-gnu/libnss_nis-2.19.so
7fed3534e000-7fed3534f000 r--p 0000a000 08:05 303337                     /lib/x86_64-linux-gnu/libnss_nis-2.19.so
7fed3534f000-7fed35350000 rw-p 0000b000 08:05 303337                     /lib/x86_64-linux-gnu/libnss_nis-2.19.so
7fed35350000-7fed35367000 r-xp 00000000 08:05 303291                     /lib/x86_64-linux-gnu/libnsl-2.19.so
7fed35367000-7fed35566000 ---p 00017000 08:05 303291                     /lib/x86_64-linux-gnu/libnsl-2.19.so
7fed35566000-7fed35567000 r--p 00016000 08:05 303291                     /lib/x86_64-linux-gnu/libnsl-2.19.so
7fed35567000-7fed35568000 rw-p 00017000 08:05 303291                     /lib/x86_64-linux-gnu/libnsl-2.19.so
7fed35568000-7fed3556a000 rw-p 00000000 00:00 0 
7fed3556a000-7fed35573000 r-xp 00000000 08:05 303290                     /lib/x86_64-linux-gnu/libnss_compat-2.19.so
7fed35573000-7fed35772000 ---p 00009000 08:05 303290                     /lib/x86_64-linux-gnu/libnss_compat-2.19.so
7fed35772000-7fed35773000 r--p 00008000 08:05 303290                     /lib/x86_64-linux-gnu/libnss_compat-2.19.so
7fed35773000-7fed35774000 rw-p 00009000 08:05 303290                     /lib/x86_64-linux-gnu/libnss_compat-2.19.so
7fed35774000-7fed3579e000 r-xp 00000000 08:05 266700                     /usr/lib/jvm/jdk1.8.0/jre/lib/amd64/libjava.so
7fed3579e000-7fed3599e000 ---p 0002a000 08:05 266700                     /usr/lib/jvm/jdk1.8.0/jre/lib/amd64/libjava.so
7fed3599e000-7fed359a0000 rw-p 0002a000 08:05 266700                     /usr/lib/jvm/jdk1.8.0/jre/lib/amd64/libjava.so
7fed359a0000-7fed359ad000 r-xp 00000000 08:05 267025                     /usr/lib/jvm/jdk1.8.0/jre/lib/amd64/libverify.so
7fed359ad000-7fed35bad000 ---p 0000d000 08:05 267025                     /usr/lib/jvm/jdk1.8.0/jre/lib/amd64/libverify.so
7fed35bad000-7fed35baf000 rw-p 0000d000 08:05 267025                     /usr/lib/jvm/jdk1.8.0/jre/lib/amd64/libverify.so
7fed35baf000-7fed35bb6000 r-xp 00000000 08:05 303333                     /lib/x86_64-linux-gnu/librt-2.19.so
7fed35bb6000-7fed35db5000 ---p 00007000 08:05 303333                     /lib/x86_64-linux-gnu/librt-2.19.so
7fed35db5000-7fed35db6000 r--p 00006000 08:05 303333                     /lib/x86_64-linux-gnu/librt-2.19.so
7fed35db6000-7fed35db7000 rw-p 00007000 08:05 303333                     /lib/x86_64-linux-gnu/librt-2.19.so
7fed35db7000-7fed35ebc000 r-xp 00000000 08:05 303270                     /lib/x86_64-linux-gnu/libm-2.19.so
7fed35ebc000-7fed360bb000 ---p 00105000 08:05 303270                     /lib/x86_64-linux-gnu/libm-2.19.so
7fed360bb000-7fed360bc000 r--p 00104000 08:05 303270                     /lib/x86_64-linux-gnu/libm-2.19.so
7fed360bc000-7fed360bd000 rw-p 00105000 08:05 303270                     /lib/x86_64-linux-gnu/libm-2.19.so
7fed360bd000-7fed36d27000 r-xp 00000000 08:05 266065                     /usr/lib/jvm/jdk1.8.0/jre/lib/amd64/server/libjvm.so
7fed36d27000-7fed36f26000 ---p 00c6a000 08:05 266065                     /usr/lib/jvm/jdk1.8.0/jre/lib/amd64/server/libjvm.so
7fed36f26000-7fed36ffd000 rw-p 00c69000 08:05 266065                     /usr/lib/jvm/jdk1.8.0/jre/lib/amd64/server/libjvm.so
7fed36ffd000-7fed3703f000 rw-p 00000000 00:00 0 
7fed3703f000-7fed371fa000 r-xp 00000000 08:05 303328                     /lib/x86_64-linux-gnu/libc-2.19.so
7fed371fa000-7fed373f9000 ---p 001bb000 08:05 303328                     /lib/x86_64-linux-gnu/libc-2.19.so
7fed373f9000-7fed373fd000 r--p 001ba000 08:05 303328                     /lib/x86_64-linux-gnu/libc-2.19.so
7fed373fd000-7fed373ff000 rw-p 001be000 08:05 303328                     /lib/x86_64-linux-gnu/libc-2.19.so
7fed373ff000-7fed37404000 rw-p 00000000 00:00 0 
7fed37404000-7fed37407000 r-xp 00000000 08:05 303285                     /lib/x86_64-linux-gnu/libdl-2.19.so
7fed37407000-7fed37606000 ---p 00003000 08:05 303285                     /lib/x86_64-linux-gnu/libdl-2.19.so
7fed37606000-7fed37607000 r--p 00002000 08:05 303285                     /lib/x86_64-linux-gnu/libdl-2.19.so
7fed37607000-7fed37608000 rw-p 00003000 08:05 303285                     /lib/x86_64-linux-gnu/libdl-2.19.so
7fed37608000-7fed3761d000 r-xp 00000000 08:05 273965                     /usr/lib/jvm/jdk1.8.0/lib/amd64/jli/libjli.so
7fed3761d000-7fed3781c000 ---p 00015000 08:05 273965                     /usr/lib/jvm/jdk1.8.0/lib/amd64/jli/libjli.so
7fed3781c000-7fed3781d000 rw-p 00014000 08:05 273965                     /usr/lib/jvm/jdk1.8.0/lib/amd64/jli/libjli.so
7fed3781d000-7fed37836000 r-xp 00000000 08:05 303330                     /lib/x86_64-linux-gnu/libpthread-2.19.so
7fed37836000-7fed37a35000 ---p 00019000 08:05 303330                     /lib/x86_64-linux-gnu/libpthread-2.19.so
7fed37a35000-7fed37a36000 r--p 00018000 08:05 303330                     /lib/x86_64-linux-gnu/libpthread-2.19.so
7fed37a36000-7fed37a37000 rw-p 00019000 08:05 303330                     /lib/x86_64-linux-gnu/libpthread-2.19.so
7fed37a37000-7fed37a3b000 rw-p 00000000 00:00 0 
7fed37a3b000-7fed37a5e000 r-xp 00000000 08:05 303321                     /lib/x86_64-linux-gnu/ld-2.19.so
7fed37a66000-7fed37b2b000 rw-p 00000000 00:00 0 
7fed37b2b000-7fed37b2e000 ---p 00000000 00:00 0 
7fed37b2e000-7fed37c30000 rw-p 00000000 00:00 0                          [stack:3788]
7fed37c3c000-7fed37c51000 rw-p 00000000 00:00 0 
7fed37c51000-7fed37c59000 rw-s 00000000 08:05 13700                      /tmp/hsperfdata_mandeep/3780
7fed37c59000-7fed37c5a000 rw-p 00000000 00:00 0 
7fed37c5a000-7fed37c5b000 ---p 00000000 00:00 0 
7fed37c5b000-7fed37c5d000 rw-p 00000000 00:00 0 
7fed37c5d000-7fed37c5e000 r--p 00022000 08:05 303321                     /lib/x86_64-linux-gnu/ld-2.19.so
7fed37c5e000-7fed37c5f000 rw-p 00023000 08:05 303321                     /lib/x86_64-linux-gnu/ld-2.19.so
7fed37c5f000-7fed37c60000 rw-p 00000000 00:00 0 
7ffea3b9a000-7ffea3bbd000 rw-p 00000000 00:00 0                          [stack]
7ffea3bbd000-7ffea3bbf000 r-xp 00000000 00:00 0                          [vdso]
ffffffffff600000-ffffffffff601000 r-xp 00000000 00:00 0                  [vsyscall]

VM Arguments:
jvm_args: -Djava.awt.headless=true -Xmx1024M -Dfile.encoding=UTF-8 -Duser.country=IN -Duser.language=en -Duser.variant 
java_command: com.android.dx.command.Main --dex --num-threads=4 --output /home/mandeep/Work/Galactica/app/build/intermediates/transforms/dex/debug/folders/1000/1f/main /home/mandeep/Work/Galactica/app/build/intermediates/pre-dexed/debug/support-annotations-23.1.1_dc6ad285345ecae96a6edf6e0927131f438f4455.jar /home/mandeep/Work/Galactica/app/build/intermediates/pre-dexed/debug/converter-gson-2.0.0-beta2_c38523e683675c7325e790c963c33fb0d227eba9.jar /home/mandeep/Work/Galactica/app/build/intermediates/pre-dexed/debug/com.jakewharton.timber-timber-4.1.2_7df22805a7b32dc73ffd6e67c4aabb8cf12f24e3.jar /home/mandeep/Work/Galactica/app/build/intermediates/pre-dexed/debug/com.android.support-cardview-v7-23.1.1_c2369d2b5dd7bec31ff67ca2ee60519e46f86443.jar /home/mandeep/Work/Galactica/app/build/intermediates/pre-dexed/debug/jcl-over-slf4j-1.7.7_fb791ef47f69b8c3a06fe339d8780fb4fcb4b90b.jar /home/mandeep/Work/Galactica/app/build/intermediates/pre-dexed/debug/jackson-annotations-2.4.4_5f1179caad24f4c3508c67fe200e327991f17dd6.jar /home/mandeep/Work/Galactica/app/build/intermediates/pre-dexed/debug/slf4j-api-1.7.7_7cb8fab22f24c981b0b99e4ec247592f2bb448a9.jar /home/mandeep/Work/Galactica/app/build/intermediates/pre-dexed/debug/retrofit-2.0.0-beta2_52d28d57b59a45fcf2ebf4b558af923e5a169e0f.jar /home/mandeep/Work/Galactica/app/build/intermediates/pre-dexed/debug/butterknife-7.0.1_b62162a945a5057ac3c98a223fee01099e4d7694.jar /home/mandeep/Work/Galactica/app/build/intermediates/pre-dexed/debug/retrofit-2.0.1_41ee59149df62f7a9d5d4f4528e75452b47d21e2.jar /home/mandeep/Work/Galactica/app/build/intermediates/pre-dexed/debug/okio-1.6.0_f24fe950ead59a3a1ab441f1675e9e1d8488965b.jar /home/mandeep/Work/Galactica/app/build/intermediates/pre-dexed/debug/themoviedbapi-1.3_42d70cdfeb79193ff5790184920746f2b8bcaf0a.jar /home/mandeep/Work/Galactica/app/build/intermediates/pre-dexed/debug/picasso-2.5.2_1906d4c5b5cd8d90b617b1739420eadc5e61da81.jar /home/mandeep/Work/Galactica/app/build/intermediates/pre-de
java_class_path (initial): /home/mandeep/Android/Sdk/build-tools/23.0.2/lib/dx.jar
Launcher Type: SUN_STANDARD

Environment Variables:
CLASSPATH=./Software/android-studio/bin/../lib/bootstrap.jar:./Software/android-studio/bin/../lib/extensions.jar:./Software/android-studio/bin/../lib/util.jar:./Software/android-studio/bin/../lib/jdom.jar:./Software/android-studio/bin/../lib/log4j.jar:./Software/android-studio/bin/../lib/trove4j.jar:./Software/android-studio/bin/../lib/jna.jar:/usr/lib/jvm/jdk1.8.0/lib/tools.jar
PATH=/usr/local/sbin:/usr/local/bin:/usr/sbin:/usr/bin:/sbin:/bin:/usr/games:/usr/local/games
LD_LIBRARY_PATH=./Software/android-studio/bin:
SHELL=/bin/bash
DISPLAY=:0

Signal Handlers:
SIGSEGV: [libjvm.so+0xa77530], sa_mask[0]=11111111011111111101111111111110, sa_flags=SA_RESTART|SA_SIGINFO
SIGBUS: [libjvm.so+0xa77530], sa_mask[0]=11111111011111111101111111111110, sa_flags=SA_RESTART|SA_SIGINFO
SIGFPE: [libjvm.so+0x8e1d90], sa_mask[0]=11111111011111111101111111111110, sa_flags=SA_RESTART|SA_SIGINFO
SIGPIPE: [libjvm.so+0x8e1d90], sa_mask[0]=11111111011111111101111111111110, sa_flags=SA_RESTART|SA_SIGINFO
SIGXFSZ: [libjvm.so+0x8e1d90], sa_mask[0]=11111111011111111101111111111110, sa_flags=SA_RESTART|SA_SIGINFO
SIGILL: [libjvm.so+0x8e1d90], sa_mask[0]=11111111011111111101111111111110, sa_flags=SA_RESTART|SA_SIGINFO
SIGUSR1: SIG_DFL, sa_mask[0]=00000000000000000000000000000000, sa_flags=none
SIGUSR2: [libjvm.so+0x8e35c0], sa_mask[0]=00100000000000000000000000000000, sa_flags=SA_RESTART|SA_SIGINFO
SIGHUP: [libjvm.so+0x8e4980], sa_mask[0]=11111111011111111101111111111110, sa_flags=SA_RESTART|SA_SIGINFO
SIGINT: [libjvm.so+0x8e4980], sa_mask[0]=11111111011111111101111111111110, sa_flags=SA_RESTART|SA_SIGINFO
SIGTERM: [libjvm.so+0x8e4980], sa_mask[0]=11111111011111111101111111111110, sa_flags=SA_RESTART|SA_SIGINFO
SIGQUIT: [libjvm.so+0x8e4980], sa_mask[0]=11111111011111111101111111111110, sa_flags=SA_RESTART|SA_SIGINFO


---------------  S Y S T E M  ---------------

OS:DISTRIB_ID=Ubuntu
DISTRIB_RELEASE=14.04
DISTRIB_CODENAME=trusty
DISTRIB_DESCRIPTION="Ubuntu 14.04.3 LTS"

uname:Linux 3.13.0-76-generic #120-Ubuntu SMP Mon Jan 18 15:59:10 UTC 2016 x86_64
libc:glibc 2.19 NPTL 2.19 
rlimit: STACK 8192k, CORE 0k, NPROC 60941, NOFILE 4096, AS infinity
load average:5.79 2.87 1.63

/proc/meminfo:
MemTotal:        8020456 kB
MemFree:          130804 kB
Buffers:            1176 kB
Cached:           637484 kB
SwapCached:            0 kB
Active:          7018720 kB
Inactive:         600560 kB
Active(anon):    6998816 kB
Inactive(anon):   569876 kB
Active(file):      19904 kB
Inactive(file):    30684 kB
Unevictable:        1636 kB
Mlocked:            1636 kB
SwapTotal:             0 kB
SwapFree:              0 kB
Dirty:               380 kB
Writeback:             0 kB
AnonPages:       6982512 kB
Mapped:           203080 kB
Shmem:            587996 kB
Slab:             111580 kB
SReclaimable:      58356 kB
SUnreclaim:        53224 kB
KernelStack:        8688 kB
PageTables:        69644 kB
NFS_Unstable:          0 kB
Bounce:                0 kB
WritebackTmp:          0 kB
CommitLimit:     4010228 kB
Committed_AS:   14772588 kB
VmallocTotal:   34359738367 kB
VmallocUsed:      354784 kB
VmallocChunk:   34359376104 kB
HardwareCorrupted:     0 kB
AnonHugePages:   2613248 kB
HugePages_Total:       0
HugePages_Free:        0
HugePages_Rsvd:        0
HugePages_Surp:        0
Hugepagesize:       2048 kB
DirectMap4k:       91956 kB
DirectMap2M:     8140800 kB


CPU:total 4 (2 cores per cpu, 2 threads per core) family 6 model 58 stepping 9, cmov, cx8, fxsr, mmx, sse, sse2, sse3, ssse3, sse4.1, sse4.2, popcnt, avx, clmul, erms, ht, tsc, tscinvbit, tscinv

/proc/cpuinfo:
processor	: 0
vendor_id	: GenuineIntel
cpu family	: 6
model		: 58
model name	: Intel(R) Core(TM) i3-3110M CPU @ 2.40GHz
stepping	: 9
microcode	: 0x12
cpu MHz		: 1200.000
cache size	: 3072 KB
physical id	: 0
siblings	: 4
core id		: 0
cpu cores	: 2
apicid		: 0
initial apicid	: 0
fpu		: yes
fpu_exception	: yes
cpuid level	: 13
wp		: yes
flags		: fpu vme de pse tsc msr pae mce cx8 apic sep mtrr pge mca cmov pat pse36 clflush dts acpi mmx fxsr sse sse2 ss ht tm pbe syscall nx rdtscp lm constant_tsc arch_perfmon pebs bts rep_good nopl xtopology nonstop_tsc aperfmperf eagerfpu pni pclmulqdq dtes64 monitor ds_cpl vmx est tm2 ssse3 cx16 xtpr pdcm pcid sse4_1 sse4_2 x2apic popcnt tsc_deadline_timer xsave avx f16c lahf_lm arat epb xsaveopt pln pts dtherm tpr_shadow vnmi flexpriority ept vpid fsgsbase smep erms
bogomips	: 4789.11
clflush size	: 64
cache_alignment	: 64
address sizes	: 36 bits physical, 48 bits virtual
power management:

processor	: 1
vendor_id	: GenuineIntel
cpu family	: 6
model		: 58
model name	: Intel(R) Core(TM) i3-3110M CPU @ 2.40GHz
stepping	: 9
microcode	: 0x12
cpu MHz		: 2400.000
cache size	: 3072 KB
physical id	: 0
siblings	: 4
core id		: 0
cpu cores	: 2
apicid		: 1
initial apicid	: 1
fpu		: yes
fpu_exception	: yes
cpuid level	: 13
wp		: yes
flags		: fpu vme de pse tsc msr pae mce cx8 apic sep mtrr pge mca cmov pat pse36 clflush dts acpi mmx fxsr sse sse2 ss ht tm pbe syscall nx rdtscp lm constant_tsc arch_perfmon pebs bts rep_good nopl xtopology nonstop_tsc aperfmperf eagerfpu pni pclmulqdq dtes64 monitor ds_cpl vmx est tm2 ssse3 cx16 xtpr pdcm pcid sse4_1 sse4_2 x2apic popcnt tsc_deadline_timer xsave avx f16c lahf_lm arat epb xsaveopt pln pts dtherm tpr_shadow vnmi flexpriority ept vpid fsgsbase smep erms
bogomips	: 4789.11
clflush size	: 64
cache_alignment	: 64
address sizes	: 36 bits physical, 48 bits virtual
power management:

processor	: 2
vendor_id	: GenuineIntel
cpu family	: 6
model		: 58
model name	: Intel(R) Core(TM) i3-3110M CPU @ 2.40GHz
stepping	: 9
microcode	: 0x12
cpu MHz		: 1200.000
cache size	: 3072 KB
physical id	: 0
siblings	: 4
core id		: 1
cpu cores	: 2
apicid		: 2
initial apicid	: 2
fpu		: yes
fpu_exception	: yes
cpuid level	: 13
wp		: yes
flags		: fpu vme de pse tsc msr pae mce cx8 apic sep mtrr pge mca cmov pat pse36 clflush dts acpi mmx fxsr sse sse2 ss ht tm pbe syscall nx rdtscp lm constant_tsc arch_perfmon pebs bts rep_good nopl xtopology nonstop_tsc aperfmperf eagerfpu pni pclmulqdq dtes64 monitor ds_cpl vmx est tm2 ssse3 cx16 xtpr pdcm pcid sse4_1 sse4_2 x2apic popcnt tsc_deadline_timer xsave avx f16c lahf_lm arat epb xsaveopt pln pts dtherm tpr_shadow vnmi flexpriority ept vpid fsgsbase smep erms
bogomips	: 4789.11
clflush size	: 64
cache_alignment	: 64
address sizes	: 36 bits physical, 48 bits virtual
power management:

processor	: 3
vendor_id	: GenuineIntel
cpu family	: 6
model		: 58
model name	: Intel(R) Core(TM) i3-3110M CPU @ 2.40GHz
stepping	: 9
microcode	: 0x12
cpu MHz		: 1200.000
cache size	: 3072 KB
physical id	: 0
siblings	: 4
core id		: 1
cpu cores	: 2
apicid		: 3
initial apicid	: 3
fpu		: yes
fpu_exception	: yes
cpuid level	: 13
wp		: yes
flags		: fpu vme de pse tsc msr pae mce cx8 apic sep mtrr pge mca cmov pat pse36 clflush dts acpi mmx fxsr sse sse2 ss ht tm pbe syscall nx rdtscp lm constant_tsc arch_perfmon pebs bts rep_good nopl xtopology nonstop_tsc aperfmperf eagerfpu pni pclmulqdq dtes64 monitor ds_cpl vmx est tm2 ssse3 cx16 xtpr pdcm pcid sse4_1 sse4_2 x2apic popcnt tsc_deadline_timer xsave avx f16c lahf_lm arat epb xsaveopt pln pts dtherm tpr_shadow vnmi flexpriority ept vpid fsgsbase smep erms
bogomips	: 4789.11
clflush size	: 64
cache_alignment	: 64
address sizes	: 36 bits physical, 48 bits virtual
power management:



Memory: 4k page, physical 8020456k(130804k free), swap 0k(0k free)

vm_info: Java HotSpot(TM) 64-Bit Server VM (25.20-b23) for linux-amd64 JRE (1.8.0_20-b26), built on Jul 30 2014 13:13:52 by "java_re" with gcc 4.3.0 20080428 (Red Hat 4.3.0-8)

time: Sat Apr  9 20:20:10 2016
elapsed time: 11 seconds (0d 0h 0m 11s)

